<<<<<<< HEAD
[0716/190820.619:ERROR:registration_protocol_win.cc(107)] CreateFile: The system cannot find the file specified. (0x2)
[0716/190834.195:ERROR:registration_protocol_win.cc(107)] CreateFile: The system cannot find the file specified. (0x2)
[0716/190835.581:ERROR:registration_protocol_win.cc(107)] CreateFile: The system cannot find the file specified. (0x2)
[0716/190835.796:ERROR:crashpad_client_win.cc(844)] not connected
[0716/190850.113:ERROR:registration_protocol_win.cc(107)] CreateFile: The system cannot find the file specified. (0x2)
[0716/190949.512:ERROR:registration_protocol_win.cc(107)] CreateFile: The system cannot find the file specified. (0x2)
[0716/190949.758:ERROR:registration_protocol_win.cc(107)] CreateFile: The system cannot find the file specified. (0x2)
[0716/190949.930:ERROR:registration_protocol_win.cc(107)] CreateFile: The system cannot find the file specified. (0x2)
[0716/190950.105:ERROR:crashpad_client_win.cc(844)] not connected
[0716/190950.094:ERROR:registration_protocol_win.cc(107)] CreateFile: The system cannot find the file specified. (0x2)
[0716/190950.305:ERROR:registration_protocol_win.cc(107)] CreateFile: The system cannot find the file specified. (0x2)
[0716/190950.322:ERROR:registration_protocol_win.cc(107)] CreateFile: The system cannot find the file specified. (0x2)
[0716/190950.471:ERROR:crashpad_client_win.cc(844)] not connected
[0716/190950.621:ERROR:registration_protocol_win.cc(107)] CreateFile: The system cannot find the file specified. (0x2)
[0716/190950.673:ERROR:registration_protocol_win.cc(107)] CreateFile: The system cannot find the file specified. (0x2)
[0716/190950.804:ERROR:crashpad_client_win.cc(844)] not connected
[0716/190950.913:ERROR:registration_protocol_win.cc(107)] CreateFile: The system cannot find the file specified. (0x2)
[0716/190951.974:ERROR:registration_protocol_win.cc(107)] CreateFile: The system cannot find the file specified. (0x2)
=======
[0716/190941.617:ERROR:registration_protocol_win.cc(107)] CreateFile: The system cannot find the file specified. (0x2)
[0716/190943.551:ERROR:registration_protocol_win.cc(107)] CreateFile: The system cannot find the file specified. (0x2)
[0716/190945.171:ERROR:registration_protocol_win.cc(107)] CreateFile: The system cannot find the file specified. (0x2)
[0716/190946.417:ERROR:registration_protocol_win.cc(107)] CreateFile: The system cannot find the file specified. (0x2)
[0716/190947.798:ERROR:crashpad_client_win.cc(844)] not connected
>>>>>>> heni
